<?xml version="1.0" encoding="UTF-8"?>
<!-- Generated by org.testng.reporters.JUnitReportReporter -->
<testsuite hostname="LAPTOP-AN95BIIA" failures="0" tests="1" name="baseTest.BaseTest" time="9.981" errors="0" timestamp="2024-02-16T20:39:16 IST" skipped="0">
  <testcase classname="baseTest.BaseTest" name="activateBrowser" time="9.981"/>
  <system-out/>
</testsuite> <!-- baseTest.BaseTest -->
