<?xml version="1.0" encoding="UTF-8"?>
<!-- Generated by org.testng.reporters.JUnitReportReporter -->
<testsuite hostname="LAPTOP-AN95BIIA" failures="0" tests="5" name="Entrata.TestClass" time="56.880" errors="0" timestamp="2024-02-18T15:02:58 IST" skipped="0">
  <testcase classname="Entrata.TestClass" name="TestVerifyEnrtataLogo" time="8.996"/>
  <system-out/>
  <testcase classname="Entrata.TestClass" name="testVerifyAllOptionVisibleInHeaderBar" time="10.146"/>
  <system-out/>
  <testcase classname="Entrata.TestClass" name="testVerifyBaseCampFuctionality" time="15.892"/>
  <system-out/>
  <testcase classname="Entrata.TestClass" name="testVerifyPorductElements" time="12.898"/>
  <system-out/>
  <testcase classname="Entrata.TestClass" name="testVerifyBottomBar" time="8.948"/>
  <system-out/>
</testsuite> <!-- Entrata.TestClass -->
