<?xml version="1.0" encoding="UTF-8"?>
<!-- Generated by org.testng.reporters.JUnitReportReporter -->
<testsuite hostname="LAPTOP-AN95BIIA" failures="0" tests="5" name="Entrata.TestClass" time="112.952" errors="0" timestamp="2024-02-17T20:05:05 IST" skipped="0">
  <testcase classname="Entrata.TestClass" name="TestVerifyEnrtataLogo" time="28.857"/>
  <system-out/>
  <testcase classname="Entrata.TestClass" name="testVerifyAllOptionVisibleInHeaderBar" time="7.751"/>
  <system-out/>
  <testcase classname="Entrata.TestClass" name="testVerifyBaseCampFuctionality" time="38.603"/>
  <system-out/>
  <testcase classname="Entrata.TestClass" name="testVerifyPorductElements" time="10.715"/>
  <system-out/>
  <testcase classname="Entrata.TestClass" name="testVerifyBottomBar" time="27.026"/>
  <system-out/>
</testsuite> <!-- Entrata.TestClass -->
